<?xml version="1.0" encoding="UTF-8"?>
<!-- Generated by org.testng.reporters.JUnitReportReporter -->
<testsuite hostname="Mahis-MacBook-Pro.local" failures="0" tests="1" name="com.inetBanking.testCases.TC_LoginTest_001" time="15.819" errors="0" timestamp="2022-01-24T20:47:44 IST" skipped="0">
  <testcase classname="com.inetBanking.testCases.TC_LoginTest_001" name="logintext" time="15.819"/>
  <system-out/>
</testsuite> <!-- com.inetBanking.testCases.TC_LoginTest_001 -->
