<?xml version="1.0" encoding="UTF-8"?>
<!-- Generated by org.testng.reporters.JUnitReportReporter -->
<testsuite hostname="Mahis-MacBook-Pro.local" failures="0" tests="1" name="com.inetBanking.testCases.TC_LoginDDT_002" time="0.000" errors="0" timestamp="2022-01-24T20:04:05 IST" skipped="1">
  <testcase classname="com.inetBanking.testCases.TC_LoginDDT_002" name="loginDDT" time="0.000">
    <skipped/>
  </testcase> <!-- loginDDT -->
  <system-out/>
</testsuite> <!-- com.inetBanking.testCases.TC_LoginDDT_002 -->
